[27-Aug-2025 04:06:40 PM] Login successful
[27-Aug-2025 04:06:43 PM] Student info fetched
[27-Aug-2025 04:06:46 PM] Attendance info fetched
[27-Aug-2025 04:06:46 PM] Output displayed in CLI
[27-Aug-2025 04:06:48 PM] Logged out
[27-Aug-2025 04:06:50 PM] Driver closed
------------------------------------------------------------

[27-Aug-2025 04:22:34 PM] Login successful
[27-Aug-2025 04:22:57 PM] Student info fetched
[27-Aug-2025 04:23:01 PM] Attendance info fetched
[27-Aug-2025 04:23:01 PM] Output displayed in CLI
[27-Aug-2025 04:23:03 PM] Logged out
[27-Aug-2025 04:23:05 PM] Driver closed
------------------------------------------------------------

[27-Aug-2025 04:38:02 PM] Login successful
[27-Aug-2025 04:38:25 PM] Student info fetched
[27-Aug-2025 04:38:28 PM] Attendance info fetched
[27-Aug-2025 04:38:28 PM] Output displayed in CLI
[27-Aug-2025 04:38:30 PM] Logged out
[27-Aug-2025 04:38:32 PM] Driver closed
------------------------------------------------------------

[27-Aug-2025 04:51:40 PM] Login successful
[27-Aug-2025 04:52:04 PM] Student info fetched
[27-Aug-2025 04:52:07 PM] Attendance info fetched
[27-Aug-2025 04:52:07 PM] Output displayed in CLI
[27-Aug-2025 04:52:08 PM] Logged out
[27-Aug-2025 04:52:11 PM] Driver closed
------------------------------------------------------------

[27-Aug-2025 04:54:10 PM] Login successful
[27-Aug-2025 04:54:34 PM] Student info fetched
[27-Aug-2025 04:54:37 PM] Attendance info fetched
[27-Aug-2025 04:54:37 PM] Output displayed in CLI
[27-Aug-2025 04:54:39 PM] Logged out
[27-Aug-2025 04:54:41 PM] Driver closed
------------------------------------------------------------

[27-Aug-2025 05:08:14 PM] Login successful
[27-Aug-2025 05:08:58 PM] Student info fetched
[27-Aug-2025 05:09:01 PM] Attendance info fetched
[27-Aug-2025 05:09:01 PM] Output displayed in CLI
[27-Aug-2025 05:09:03 PM] Logged out
[27-Aug-2025 05:09:06 PM] Driver closed
------------------------------------------------------------

[27-Aug-2025 05:12:41 PM] Login successful
[27-Aug-2025 05:13:14 PM] Student info fetched
[27-Aug-2025 05:13:17 PM] Attendance info fetched
[27-Aug-2025 05:13:17 PM] Output displayed in CLI
[27-Aug-2025 05:13:19 PM] Logged out
[27-Aug-2025 05:13:21 PM] Driver closed
------------------------------------------------------------

[27-Aug-2025 05:14:36 PM] Login successful
[27-Aug-2025 05:15:00 PM] Student info fetched
[27-Aug-2025 05:15:02 PM] Attendance info fetched
[27-Aug-2025 05:15:02 PM] Output displayed in CLI
[27-Aug-2025 05:15:04 PM] Logged out
[27-Aug-2025 05:15:06 PM] Driver closed
------------------------------------------------------------

[27-Aug-2025 05:25:11 PM] Login successful
[27-Aug-2025 05:25:26 PM] Student info fetched
[27-Aug-2025 05:25:29 PM] Attendance info fetched
[27-Aug-2025 05:25:29 PM] Output displayed in CLI
[27-Aug-2025 05:25:31 PM] Logged out
[27-Aug-2025 05:25:33 PM] Driver closed
------------------------------------------------------------

[27-Aug-2025 05:26:19 PM] Login successful
[27-Aug-2025 05:26:38 PM] Student info fetched
[27-Aug-2025 05:26:41 PM] Attendance info fetched
[27-Aug-2025 05:26:41 PM] Output displayed in CLI
[27-Aug-2025 05:26:42 PM] Logged out
[27-Aug-2025 05:26:44 PM] Driver closed
------------------------------------------------------------

[27-Aug-2025 05:27:47 PM] Login successful
[27-Aug-2025 05:28:05 PM] Student info fetched
[27-Aug-2025 05:28:09 PM] Attendance info fetched
[27-Aug-2025 05:28:09 PM] Output displayed in CLI
[27-Aug-2025 05:28:10 PM] Logged out
[27-Aug-2025 05:28:13 PM] Driver closed
------------------------------------------------------------

[27-Aug-2025 05:29:36 PM] Login successful
[27-Aug-2025 05:29:49 PM] Student info fetched
[27-Aug-2025 05:29:53 PM] Attendance info fetched
[27-Aug-2025 05:29:53 PM] Output displayed in CLI
[27-Aug-2025 05:29:55 PM] Logged out
[27-Aug-2025 05:29:57 PM] Driver closed
------------------------------------------------------------

[27-Aug-2025 05:31:49 PM] Login successful
[27-Aug-2025 05:31:58 PM] Student info fetched
[27-Aug-2025 05:32:01 PM] Attendance info fetched
[27-Aug-2025 05:32:01 PM] Output displayed in CLI
[27-Aug-2025 05:32:02 PM] Logged out
[27-Aug-2025 05:32:05 PM] Driver closed
------------------------------------------------------------

[27-Aug-2025 05:33:32 PM] Login successful
[27-Aug-2025 05:33:40 PM] Student info fetched
[27-Aug-2025 05:33:43 PM] Attendance info fetched
[27-Aug-2025 05:33:43 PM] Output displayed in CLI
[27-Aug-2025 05:33:45 PM] Logged out
[27-Aug-2025 05:33:48 PM] Driver closed
------------------------------------------------------------

[27-Aug-2025 05:34:27 PM] Login successful
[27-Aug-2025 05:34:35 PM] Student info fetched
[27-Aug-2025 05:34:37 PM] Attendance info fetched
[27-Aug-2025 05:34:37 PM] Output displayed in CLI
[27-Aug-2025 05:34:39 PM] Logged out
[27-Aug-2025 05:34:42 PM] Driver closed
------------------------------------------------------------

[27-Aug-2025 05:35:18 PM] Login successful
[27-Aug-2025 05:35:26 PM] Student info fetched
[27-Aug-2025 05:35:29 PM] Attendance info fetched
[27-Aug-2025 05:35:29 PM] Output displayed in CLI
[27-Aug-2025 05:35:30 PM] Logged out
[27-Aug-2025 05:35:33 PM] Driver closed
------------------------------------------------------------

[27-Aug-2025 05:39:37 PM] Login successful
[27-Aug-2025 05:39:56 PM] Student info fetched
[27-Aug-2025 05:39:59 PM] Attendance info fetched
[27-Aug-2025 05:39:59 PM] Output displayed in CLI
[27-Aug-2025 05:40:01 PM] Logged out
[27-Aug-2025 05:40:03 PM] Driver closed
------------------------------------------------------------

[27-Aug-2025 05:42:31 PM] Login successful
[27-Aug-2025 05:42:56 PM] Student info fetched
[27-Aug-2025 05:42:59 PM] Attendance info fetched
[27-Aug-2025 05:42:59 PM] Output displayed in CLI
[27-Aug-2025 05:43:01 PM] Logged out
[27-Aug-2025 05:43:03 PM] Driver closed
------------------------------------------------------------

[27-Aug-2025 05:43:45 PM] Login successful
[27-Aug-2025 05:44:10 PM] Student info fetched
[27-Aug-2025 05:44:13 PM] Attendance info fetched
[27-Aug-2025 05:44:13 PM] Output displayed in CLI
[27-Aug-2025 05:44:14 PM] Logged out
[27-Aug-2025 05:44:17 PM] Driver closed
------------------------------------------------------------

[27-Aug-2025 05:44:50 PM] Login successful
[27-Aug-2025 05:45:14 PM] Student info fetched
[27-Aug-2025 05:45:17 PM] Attendance info fetched
[27-Aug-2025 05:45:17 PM] Output displayed in CLI
[27-Aug-2025 05:45:19 PM] Logged out
[27-Aug-2025 05:45:21 PM] Driver closed
------------------------------------------------------------

[27-Aug-2025 05:46:53 PM] Login successful
[27-Aug-2025 05:47:22 PM] Student info fetched
[27-Aug-2025 05:47:25 PM] Attendance info fetched
[27-Aug-2025 05:47:25 PM] Output displayed in CLI
[27-Aug-2025 05:47:27 PM] Logged out
[27-Aug-2025 05:47:29 PM] Driver closed
------------------------------------------------------------

[27-Aug-2025 05:49:35 PM] Login successful
[27-Aug-2025 05:49:38 PM] Student info fetched
[27-Aug-2025 05:49:41 PM] Attendance info fetched
[27-Aug-2025 05:49:41 PM] Output displayed in CLI
[27-Aug-2025 05:49:42 PM] Logged out
[27-Aug-2025 05:49:44 PM] Driver closed
------------------------------------------------------------

[27-Aug-2025 05:50:32 PM] Login successful
[27-Aug-2025 05:50:57 PM] Student info fetched
[27-Aug-2025 05:51:00 PM] Attendance info fetched
[27-Aug-2025 05:51:00 PM] Output displayed in CLI
[27-Aug-2025 05:51:01 PM] Logged out
[27-Aug-2025 05:51:04 PM] Driver closed
------------------------------------------------------------

[27-Aug-2025 05:58:29 PM] Login successful
[27-Aug-2025 05:58:43 PM] Student info fetched
[27-Aug-2025 05:58:46 PM] Attendance info fetched
[27-Aug-2025 05:58:46 PM] Output displayed in CLI
[27-Aug-2025 05:58:48 PM] Logged out
[27-Aug-2025 05:58:50 PM] Driver closed
------------------------------------------------------------

[27-Aug-2025 06:13:09 PM] Login successful
[27-Aug-2025 06:13:13 PM] Student info fetched
[27-Aug-2025 06:13:16 PM] Attendance info fetched
[27-Aug-2025 06:13:16 PM] Output displayed in CLI
[27-Aug-2025 06:13:18 PM] Logged out
[27-Aug-2025 06:13:20 PM] Driver closed
------------------------------------------------------------

[27-Aug-2025 06:34:02 PM] Login successful
[27-Aug-2025 06:34:26 PM] Student info fetched
[27-Aug-2025 06:34:30 PM] Attendance info fetched
[27-Aug-2025 06:34:30 PM] Output displayed in CLI
[27-Aug-2025 06:34:31 PM] Logged out
[27-Aug-2025 06:34:34 PM] Driver closed
------------------------------------------------------------

[27-Aug-2025 06:39:51 PM] Login successful
[27-Aug-2025 06:40:20 PM] Student info fetched
[27-Aug-2025 06:40:22 PM] Attendance info fetched
[27-Aug-2025 06:40:22 PM] Output displayed in CLI
[27-Aug-2025 06:40:24 PM] Logged out
[27-Aug-2025 06:40:26 PM] Driver closed
------------------------------------------------------------

[27-Aug-2025 06:41:03 PM] Login successful
[27-Aug-2025 06:41:26 PM] Student info fetched
[27-Aug-2025 06:41:29 PM] Attendance info fetched
[27-Aug-2025 06:41:29 PM] Output displayed in CLI
[27-Aug-2025 06:41:31 PM] Logged out
[27-Aug-2025 06:41:33 PM] Driver closed
------------------------------------------------------------

[28-Aug-2025 02:36:35 PM] Login successful
[28-Aug-2025 02:36:58 PM] Student info fetched
[28-Aug-2025 02:37:02 PM] Attendance info fetched
[28-Aug-2025 02:37:02 PM] Output displayed in CLI
[28-Aug-2025 02:37:04 PM] Logged out
[28-Aug-2025 02:37:07 PM] Driver closed
------------------------------------------------------------

[28-Aug-2025 02:38:53 PM] Login successful
[28-Aug-2025 02:39:27 PM] Student info fetched
[28-Aug-2025 02:39:32 PM] Attendance info fetched
[28-Aug-2025 02:39:32 PM] Output displayed in CLI
[30-Aug-2025 11:10:05 PM] Driver closed
------------------------------------------------------------

[30-Aug-2025 11:24:00 PM] Driver closed
------------------------------------------------------------

[30-Aug-2025 11:31:23 PM] Login successful
[30-Aug-2025 11:31:47 PM] Student info fetched
[30-Aug-2025 11:31:51 PM] Attendance info fetched
[30-Aug-2025 11:31:51 PM] Output displayed in CLI
[30-Aug-2025 11:31:52 PM] Logged out
[30-Aug-2025 11:31:55 PM] Driver closed
------------------------------------------------------------

